<?xml version="1.0" encoding="UTF-8"?>
<!-- Generated by org.testng.reporters.JUnitXMLReporter -->
<testsuite ignored="0" hostname="DESKTOP-05Q0BM7" failures="0" tests="19" name="Default test" time="150.79" errors="0" timestamp="2022-05-22T00:18:23 IST">
  <testcase classname="com.Runner.UniversalClassRunner" name="Scenario" time="7.26"/>
  <testcase classname="com.Runner.UniversalClassRunner" name="Scenario" time="6.026"/>
  <testcase classname="com.Runner.UniversalClassRunner" name="Scenario" time="6.048"/>
  <testcase classname="com.Runner.UniversalClassRunner" name="Scenario" time="7.536"/>
  <testcase classname="com.Runner.UniversalClassRunner" name="Scenario" time="7.64"/>
  <testcase classname="com.Runner.UniversalClassRunner" name="Scenario" time="9.66"/>
  <testcase classname="com.Runner.UniversalClassRunner" name="Scenario" time="9.558"/>
  <testcase classname="com.Runner.UniversalClassRunner" name="Scenario" time="11.767"/>
  <testcase classname="com.Runner.UniversalClassRunner" name="Scenario" time="9.564"/>
  <testcase classname="com.Runner.UniversalClassRunner" name="Scenario" time="10.739"/>
  <testcase classname="com.Runner.UniversalClassRunner" name="Scenario" time="7.735"/>
  <testcase classname="com.Runner.UniversalClassRunner" name="Scenario" time="7.265"/>
  <testcase classname="com.Runner.UniversalClassRunner" name="Scenario" time="6.559"/>
  <testcase classname="com.Runner.UniversalClassRunner" name="Scenario" time="7.392"/>
  <testcase classname="com.Runner.UniversalClassRunner" name="Scenario" time="7.477"/>
  <testcase classname="com.Runner.UniversalClassRunner" name="Scenario" time="5.746"/>
  <testcase classname="com.Runner.UniversalClassRunner" name="Scenario" time="7.569"/>
  <testcase classname="com.Runner.UniversalClassRunner" name="Scenario" time="5.722"/>
  <testcase classname="com.Runner.UniversalClassRunner" name="Scenario" time="8.095"/>
</testsuite> <!-- Default test -->
